<?xml version="1.0" encoding="UTF-8"?>
<!-- Generated by org.testng.reporters.JUnitReportReporter -->
<testsuite hostname="DESKTOP-460CLSS" failures="0" tests="3" name="Home.HomeTab" time="34.340" errors="0" timestamp="2024-11-29T13:19:30 CST" skipped="0">
  <testcase classname="Home.HomeTab" name="Testcase1" time="9.413"/>
  <system-out/>
  <testcase classname="Home.HomeTab" name="Testcase2" time="12.316"/>
  <system-out/>
  <testcase classname="Home.HomeTab" name="Testcase3" time="12.611"/>
  <system-out/>
</testsuite> <!-- Home.HomeTab -->
