<?xml version="1.0" encoding="UTF-8"?>
<!-- Generated by org.testng.reporters.JUnitReportReporter -->
<testsuite hostname="DESKTOP-460CLSS" failures="0" tests="4" name="About.LeadershipTab" time="48.007" errors="0" timestamp="2024-11-27T16:09:04 CST" skipped="0">
  <testcase classname="About.LeadershipTab" name="launchapplication" time="7.895"/>
  <system-out/>
  <testcase classname="About.LeadershipTab" name="AboutTab" time="13.869"/>
  <system-out/>
  <testcase classname="About.LeadershipTab" name="leadership" time="12.236"/>
  <system-out/>
  <testcase classname="About.LeadershipTab" name="Meettheteam" time="14.007"/>
  <system-out/>
</testsuite> <!-- About.LeadershipTab -->
