<?xml version="1.0" encoding="UTF-8"?>
<!-- Generated by org.testng.reporters.JUnitReportReporter -->
<testsuite hostname="DESKTOP-460CLSS" failures="0" tests="1" name="Services.Intermodal" time="25.534" errors="0" timestamp="2024-11-27T09:27:29 CST" skipped="0">
  <testcase classname="Services.Intermodal" name="Testcase_Intermodal" time="25.534"/>
  <system-out/>
</testsuite> <!-- Services.Intermodal -->
