<?xml version="1.0" encoding="UTF-8"?>
<!-- Generated by org.testng.reporters.JUnitReportReporter -->
<testsuite hostname="DESKTOP-460CLSS" failures="0" tests="1" name="About.ModeGlobalNewsTab" time="11.829" errors="0" timestamp="2024-11-29T13:19:30 CST" skipped="0">
  <testcase classname="About.ModeGlobalNewsTab" name="Validate" time="11.829"/>
  <system-out/>
</testsuite> <!-- About.ModeGlobalNewsTab -->
