<?xml version="1.0" encoding="UTF-8"?>
<!-- Generated by org.testng.reporters.JUnitReportReporter -->
<testsuite hostname="DESKTOP-460CLSS" failures="0" tests="1" name="About.AboutTab" time="15.983" errors="0" timestamp="2024-11-25T14:14:47 CST" skipped="0">
  <testcase classname="About.AboutTab" name="Validate" time="15.983"/>
  <system-out/>
</testsuite> <!-- About.AboutTab -->
