<?xml version="1.0" encoding="UTF-8"?>
<!-- Generated by org.testng.reporters.JUnitReportReporter -->
<testsuite hostname="DESKTOP-460CLSS" failures="0" tests="3" name="Contact.ContactTab" time="33.041" errors="0" timestamp="2024-11-29T13:19:30 CST" skipped="0">
  <testcase classname="Contact.ContactTab" name="A" time="9.465"/>
  <system-out/>
  <testcase classname="Contact.ContactTab" name="B" time="12.294"/>
  <system-out/>
  <testcase classname="Contact.ContactTab" name="C" time="11.282"/>
  <system-out/>
</testsuite> <!-- Contact.ContactTab -->
