<?xml version="1.0" encoding="UTF-8"?>
<!-- Generated by org.testng.reporters.JUnitReportReporter -->
<testsuite hostname="DESKTOP-460CLSS" failures="0" tests="1" name="About.ModeGlobalNewsTab" time="20.477" errors="0" timestamp="2024-11-25T15:07:31 CST" skipped="0">
  <testcase classname="About.ModeGlobalNewsTab" name="Validate" time="20.477"/>
  <system-out/>
</testsuite> <!-- About.ModeGlobalNewsTab -->
