<?xml version="1.0" encoding="UTF-8"?>
<!-- Generated by org.testng.reporters.JUnitReportReporter -->
<testsuite hostname="DESKTOP-460CLSS" failures="0" tests="1" name="Services.Intermodal" time="18.872" errors="0" timestamp="2024-11-29T13:19:30 CST" skipped="0">
  <testcase classname="Services.Intermodal" name="Testcase_Intermodal" time="18.872"/>
  <system-out/>
</testsuite> <!-- Services.Intermodal -->
