<?xml version="1.0" encoding="UTF-8"?>
<!-- Generated by org.testng.reporters.JUnitReportReporter -->
<testsuite hostname="DESKTOP-460CLSS" failures="0" tests="1" name="Technology.Technologytab" time="7.668" errors="0" timestamp="2024-11-24T20:20:13 CST" skipped="0">
  <testcase classname="Technology.Technologytab" name="f" time="7.668"/>
  <system-out/>
</testsuite> <!-- Technology.Technologytab -->
