<?xml version="1.0" encoding="UTF-8"?>
<!-- Generated by org.testng.reporters.JUnitReportReporter -->
<testsuite hostname="DESKTOP-460CLSS" failures="0" tests="1" name="Technology.CarrierPortalWithDocker" time="433.572" errors="0" timestamp="2025-05-06T19:17:08 CDT" skipped="0">
  <testcase classname="Technology.CarrierPortalWithDocker" name="A" time="433.572"/>
  <system-out/>
</testsuite> <!-- Technology.CarrierPortalWithDocker -->
