<?xml version="1.0" encoding="UTF-8"?>
<!-- Generated by org.testng.reporters.JUnitReportReporter -->
<testsuite hostname="DESKTOP-460CLSS" failures="0" tests="4" name="About.LeadershipTab" time="52.229" errors="0" timestamp="2024-11-29T13:19:30 CST" skipped="0">
  <testcase classname="About.LeadershipTab" name="launchapplication" time="9.228"/>
  <system-out/>
  <testcase classname="About.LeadershipTab" name="AboutTab" time="13.556"/>
  <system-out/>
  <testcase classname="About.LeadershipTab" name="leadership" time="15.124"/>
  <system-out/>
  <testcase classname="About.LeadershipTab" name="Meettheteam" time="14.321"/>
  <system-out/>
</testsuite> <!-- About.LeadershipTab -->
