<?xml version="1.0" encoding="UTF-8"?>
<!-- Generated by org.testng.reporters.JUnitReportReporter -->
<testsuite hostname="DESKTOP-460CLSS" failures="0" tests="1" name="About.Test1" time="10.579" errors="0" timestamp="2024-11-29T13:19:30 CST" skipped="0">
  <testcase classname="About.Test1" name="A" time="10.579"/>
  <system-out/>
</testsuite> <!-- About.Test1 -->
