<?xml version="1.0" encoding="UTF-8"?>
<!-- Generated by org.testng.reporters.JUnitReportReporter -->
<testsuite hostname="DESKTOP-460CLSS" failures="0" tests="1" name="Technology.CarrierPortal" time="60.764" errors="0" timestamp="2025-05-06T18:32:22 CDT" skipped="0">
  <testcase classname="Technology.CarrierPortal" name="A" time="60.764"/>
  <system-out/>
</testsuite> <!-- Technology.CarrierPortal -->
