<?xml version="1.0" encoding="UTF-8"?>
<!-- Generated by org.testng.reporters.JUnitReportReporter -->
<testsuite hostname="DESKTOP-460CLSS" failures="0" tests="1" name="Home.Home" time="40.137" errors="0" timestamp="2025-01-24T16:20:12 CST" skipped="0">
  <testcase classname="Home.Home" name="A" time="40.137"/>
  <system-out/>
</testsuite> <!-- Home.Home -->
