<?xml version="1.0" encoding="UTF-8"?>
<!-- Generated by org.testng.reporters.JUnitReportReporter -->
<testsuite hostname="DESKTOP-460CLSS" failures="0" tests="1" name="Services.ServicesTab" time="20.047" errors="0" timestamp="2025-05-05T12:01:20 CDT" skipped="0">
  <testcase classname="Services.ServicesTab" name="Validate" time="20.047"/>
  <system-out/>
</testsuite> <!-- Services.ServicesTab -->
