<?xml version="1.0" encoding="UTF-8"?>
<!-- Generated by org.testng.reporters.JUnitReportReporter -->
<testsuite hostname="DESKTOP-460CLSS" failures="0" tests="1" name="About.AboutwithDocker" time="16.968" errors="0" timestamp="2025-05-06T15:51:24 CDT" skipped="0">
  <testcase classname="About.AboutwithDocker" name="A" time="16.968"/>
  <system-out/>
</testsuite> <!-- About.AboutwithDocker -->
