<?xml version="1.0" encoding="UTF-8"?>
<!-- Generated by org.testng.reporters.JUnitReportReporter -->
<testsuite hostname="DESKTOP-460CLSS" failures="0" tests="1" name="Technology.Technologytab" time="6.945" errors="0" timestamp="2024-11-25T10:21:49 CST" skipped="0">
  <testcase classname="Technology.Technologytab" name="f" time="6.945"/>
</testsuite> <!-- Technology.Technologytab -->
