<?xml version="1.0" encoding="UTF-8"?>
<!-- Generated by org.testng.reporters.JUnitReportReporter -->
<testsuite hostname="DESKTOP-460CLSS" failures="0" tests="1" name="Careers.DiversityInclusion" time="13.459" errors="0" timestamp="2024-11-25T10:21:49 CST" skipped="0">
  <testcase classname="Careers.DiversityInclusion" name="Validate" time="13.459"/>
</testsuite> <!-- Careers.DiversityInclusion -->
