<?xml version="1.0" encoding="UTF-8"?>
<!-- Generated by org.testng.reporters.JUnitReportReporter -->
<testsuite hostname="DESKTOP-460CLSS" failures="0" tests="1" name="Careers.DiversityInclusion" time="14.882" errors="0" timestamp="2024-11-29T12:32:08 CST" skipped="0">
  <testcase classname="Careers.DiversityInclusion" name="Validate" time="14.882"/>
</testsuite> <!-- Careers.DiversityInclusion -->
